
 +++++++++++++++++++++++++++++++++++++++++++++++++++++++++++++++++++
 +  SHELXL -  CRYSTAL STRUCTURE REFINEMENT  -   MULTI-CPU VERSION  +
 +  Copyright(C) George M. Sheldrick 1993-2016     Version 2016/6  +
 +  marciniak2002_fcf_headerl  started at 13:04:33 on 25-Sep-2019  +
 +++++++++++++++++++++++++++++++++++++++++++++++++++++++++++++++++++

 Command line parameters: marciniak2002_fcf_headerless_p21n -a50000 -b3000 -c624 -g0 -m0 -t4

 -a sets the approximate maximum number of atoms including hydrogens.
 -b sets the maximum number of full-matrix parameters (not used by CGLS).
 For example -b9000 allows refinement of 1000 anisotropic atoms or 3000
 with BLOC 1. For a 32-bit version, -b times the square root of the
 number of threads should not exceed about 65500. -c sets the reflection
 buffer size. This depends on the CPU cache size but will rarely
 need changing.

 -g sets the number of reflection groups used for calculating R_complete,
 This must be greater than 1 but not greater than the total number of
 reflections for refinement. -m sets the current reflection group number.
 This may not be less than 1 nor greater than the number set by -g. These
 command line flags override other ways of defining free-R reflections.
 The -m value is also used as a seed for the WIGL pseudo-random shifts.

 -t sets the number of threads, otherwise it is set to the apparent
 number of CPUs. For optimal performance on hyperthreading systems,
 -t should be set to a little more than half the number of CPUs;
 e.g. -t4 or -t5 for an Intel i7 processor.

 Running  4 threads on  4 processors

 TITL anthracene Marciniak2002_fcf_header_P21n
 CELL 0.71069 8.553 6.021 22.333 90 124.54 90
 ZERR 4 0.002 0.001 0.004 0 0.03 0
 LATT 1
 SYMM 0.5-X,0.5+Y,0.5-Z
 SFAC C H
 UNIT 56 40

 V =      947.37     F(000) =     376.0     Mu =   0.07 mm-1      Cell Wt =      712.88    Rho =  1.250

  
 L.S. 5 0 0
 PLAN  5
 fmap 2 53
 MORE -1
 BOND $H
 CONF
 WGHT 0.1
 FVAR 1
 REM <olex2.extras>
 REM <HklSrc "%./Marciniak2002_fcf_headerless_P21n.hkl">
 REM </olex2.extras>
  
 C1A   1     0.10100  0.05300  0.18800  1.00000  0.19000  0.18000  0.15000 =
  0.04000  0.09000 -0.03000
 C2A   1     0.11300  0.16600  0.13880  1.00000  0.10000  0.01200  0.19000 =
  -0.02700  0.08600 -0.00800
 C3A   1     0.05300  0.08100  0.07400  1.00000  0.07000  0.04200  0.26000 =
  -0.06000  0.03300 -0.00100
 C4A   1     0.08400  0.20900  0.02100  1.00000  0.12700  0.07000  0.30000 =
  0.01000  0.17000 -0.03800
 C5A   1    -0.03200 -0.12600  0.05100  1.00000  0.09200  0.11000  0.24000 =
  -0.07000  0.11000 -0.00700
 C6A   1    -0.06400 -0.25700  0.09290  1.00000  0.06800  0.07700  0.13000 =
  0.06300  0.07000  0.03000
 C7A   1    -0.00300 -0.17400  0.16010  1.00000  0.11300  0.10500  0.12000 =
  0.00000  0.08500  0.00400
 H1A   2     0.14000 -0.09000  0.23600  1.00000  0.26000
 H2A   2     0.21900  0.27000  0.18100  1.00000  0.07000
 H4A   2     0.11500  0.33600 -0.00100  1.00000  0.04000
 H6A   2    -0.17000 -0.39000  0.08000  1.00000  0.14000
 H7A   2     0.02000 -0.34000  0.20100  1.00000  0.14000
  
 C1B   1     0.56400  0.42000  0.06750  1.00000  0.05600  0.11900  0.04500 =
  0.02000  0.03700  0.00400
 C2B   1     0.47300  0.64000  0.04240  1.00000  0.07900  0.11000  0.05600 =
  -0.02100  0.02300 -0.01300
 C3B   1     0.50000  0.68100  0.15650  1.00000  0.12000  0.15000  0.13000 =
  -0.01000  0.05000 -0.02000
 C4B   1     0.58100  0.48100  0.17890  1.00000  0.07600  0.05800  0.13000 =
  0.03000  0.04900 -0.01000
 C5B   1     0.44800  0.75900  0.09300  1.00000  0.12800  0.19000  0.17000 =
  0.10000  0.07200  0.07000
 C6B   1     0.62800  0.35200  0.14000  1.00000  0.08800  0.17000  0.10700 =
  0.01600  0.02900  0.05600
 C7B   1     0.59300  0.29000  0.02490  1.00000  0.11500  0.12600  0.05700 =
  -0.04400  0.05100 -0.07000
 H3B   2     0.44000  0.78000  0.18300  1.00000  0.12000
 H4B   2     0.64500  0.43100  0.23700  1.00000  0.04000
 H5B   2     0.38000  0.93600  0.07200  1.00000  0.03000
 H6B   2     0.68100  0.18400  0.14600  1.00000  0.01400
 H7B   2     0.63000  0.10000  0.04900  1.00000  0.10000
 HKLF 4


 Covalent radii and connectivity table for  anthracene Marciniak2002_fcf_header_P21n                                   
 C      0.770
 H      0.320

 C1A - C2A C7A
 C2A - C3A C1A
 C3A - C2A C5A C4A
 C4A - C5A_$1 C3A
 C5A - C6A C3A C4A_$1
 C6A - C5A C7A
 C7A - C6A C1A
 C1B - C7B C6B C2B
 C2B - C7B_$2 C5B C1B
 C3B - C5B C4B
 C4B - C3B C6B
 C5B - C3B C2B
 C6B - C4B C1B
 C7B - C2B_$2 C1B


 Operators for generating equivalent atoms:
 $1   -x, -y, -z
 $2   -x+1, -y+1, -z


      235  Reflections read, of which       0  rejected

  -8 =< h =<  7,      0 =< k =<  5,      0 =< l =< 18,   Max. 2-theta =   42.67

        0  Systematic absence violations (I>3sig(I)) before merging

        0  Inconsistent equivalents

      235  Unique reflections, of which       0  suppressed

 R(int) = 0.0000     R(sigma) = 7.3755      Friedel opposites merged

 Maximum memory for data reduction =     1712 /     3663


 Number of data for d > 0.977A (CIF: max) and d > 0.833A (CIF: full)
 (ignoring systematic absences):
 Unique reflections found (point group)        235     235
 Unique reflections possible (point group)    1065    1719
 Unique reflections found (Laue group)         235     235
 Unique reflections possible (Laue group)     1065    1719


 Least-squares cycle   1   Maximum vector length =  623   Memory required =     33 /   2131 /   282247

 wR2 = 0.5300 before cycle   1 for     235 data and    191 /    191 parameters

 GooF = S =     2.023;     Restrained GooF =      2.023 for       0 restraints

 Weight = 1 / [ sigma^2(Fo^2) + ( 0.1000 * P )^2 +   0.00 * P ]   where  P = ( Max ( Fo^2, 0 ) + 2 * Fc^2 ) / 3


     N      value        esd    shift/esd  parameter

     1     0.03849     0.06543    -0.212    OSF

 Mean shift/esd =   0.017  Maximum =    -0.212 for  OSF          

 Max. shift = 1.970 A for H1A      Max. dU = 1.319 for H6A         


 Least-squares cycle   2   Maximum vector length =  623   Memory required =     33 /   2131 /   282247

 wR2 = 0.3977 before cycle   2 for     235 data and    191 /    191 parameters

 GooF = S =     0.922;     Restrained GooF =      0.922 for       0 restraints

 Weight = 1 / [ sigma^2(Fo^2) + ( 0.1000 * P )^2 +   0.00 * P ]   where  P = ( Max ( Fo^2, 0 ) + 2 * Fc^2 ) / 3


     N      value        esd    shift/esd  parameter

     1     0.04444     0.05267     0.113    OSF

 Mean shift/esd =   0.018  Maximum =     0.113 for  OSF          

 Max. shift =16.306 A for H7B      Max. dU = 0.399 for H7A         


 Least-squares cycle   3   Maximum vector length =  623   Memory required =     33 /   2131 /   282247

 wR2 = 0.3356 before cycle   3 for     235 data and    191 /    191 parameters

 GooF = S =     0.825;     Restrained GooF =      0.825 for       0 restraints

 Weight = 1 / [ sigma^2(Fo^2) + ( 0.1000 * P )^2 +   0.00 * P ]   where  P = ( Max ( Fo^2, 0 ) + 2 * Fc^2 ) / 3


     N      value        esd    shift/esd  parameter

     1     0.04872     0.04652     0.092    OSF

 Mean shift/esd =   0.021  Maximum =     0.092 for  OSF          

 Max. shift =19.140 A for H4A      Max. dU = 2.001 for H6B         


 Least-squares cycle   4   Maximum vector length =  623   Memory required =     33 /   2131 /   282247

 wR2 = 0.2796 before cycle   4 for     235 data and    191 /    191 parameters

 GooF = S =     0.719;     Restrained GooF =      0.719 for       0 restraints

 Weight = 1 / [ sigma^2(Fo^2) + ( 0.1000 * P )^2 +   0.00 * P ]   where  P = ( Max ( Fo^2, 0 ) + 2 * Fc^2 ) / 3


     N      value        esd    shift/esd  parameter

     1     0.05111     0.03945     0.061    OSF

 Mean shift/esd =   0.020  Maximum =     0.099 for   z  H6A      

 Max. shift =59.839 A for H4A      Max. dU =-2.400 for H6B         


 Least-squares cycle   5   Maximum vector length =  623   Memory required =     33 /   2131 /   282247

 wR2 = 0.3090 before cycle   5 for     235 data and    191 /    191 parameters

 GooF = S =     0.866;     Restrained GooF =      0.866 for       0 restraints

 Weight = 1 / [ sigma^2(Fo^2) + ( 0.1000 * P )^2 +   0.00 * P ]   where  P = ( Max ( Fo^2, 0 ) + 2 * Fc^2 ) / 3


     N      value        esd    shift/esd  parameter

     1     0.04950     0.04260    -0.038    OSF

 Mean shift/esd =   0.023  Maximum =    -0.126 for  sof H4A      

 Max. shift =31.585 A for H4A      Max. dU = 1.934 for H7B         


 Largest correlation matrix elements

     0.846 U13 C4B / U11 C4B                 0.763 U11 H2A / sof H2A                 0.694 U12 C3B / U23 C3B
     0.837 U12 C4B / U23 C4B                 0.745 U13 C5A / U11 C5A                 0.684 U12 C7B / U23 C7B
     0.815 U11 H5B / sof H5B                 0.742 U11 H1A / sof H1A                 0.683 U13 C3B / U11 C3B
     0.802 z C4B / x C4B                     0.734 z C3B / x C3B                     0.683 U11 H7B / sof H7B
     0.800 U11 H4B / sof H4B                 0.726 U13 C6B / U11 C6B                 0.676 U12 C6B / U23 C6B
     0.795 U13 C3A / U11 C3A                 0.716 U13 C4B / U33 C4B                 0.658 U12 C7A / U11 C7A
     0.794 U11 H6B / sof H6B                 0.708 U13 C2B / U33 C2B                -0.653 U23 C7A / U33 C7A
     0.782 U13 C6B / U33 C6B                 0.696 U13 C1B / U11 C1B                 0.651 U13 C7B / U11 C7B



  anthracene Marciniak2002_fcf_header_P21n                                   

 ATOM           x        y        z         sof        U11      U22      U33      U23      U13      U12       Ueq

 C1A         0.11337  0.07263  0.18339    1.31299    0.05641  0.12705  0.15604 -0.13528  0.09164 -0.07330   0.09567
   4.22883   0.29083  0.43353  0.15983    6.53915    2.46384  2.09320  3.23630  2.02572  2.40026  1.81716   2.01112

 C2A         0.09281  0.14247  0.11383    0.96636    0.11783  0.21109  0.09813  0.01886  0.10341 -0.02535   0.11885
   8.16576   0.32730  0.52807  0.21544    5.71060    1.85997  2.71342  3.35240  2.25759  1.92854  1.63681   1.65062

 C3A         0.05206  0.06251  0.06428    0.65945    0.09803  0.00482  0.10300 -0.02441  0.09776 -0.02381   0.04591
   5.44963   0.36157  0.42175  0.11953    3.22899    1.76718  1.46634  1.60501  1.21210  1.46446  1.23248   0.85158

 C4A         0.09307  0.19988  0.01295    0.82127    0.00238  0.00597  0.30625 -0.04629 -0.03281  0.00486   0.17189
   7.03020   0.29515  0.35874  0.24605    5.00318    0.86639  1.05037  3.93909  2.38406  1.40706  0.98198   1.77101

 C5A        -0.03611 -0.14150  0.04452    0.69139    0.00870  0.00903  0.11628 -0.03429  0.03316 -0.00986   0.04593
   7.22833   0.36810  0.58505  0.16182    4.36986    1.38315  2.87248  2.07256  1.60703  1.36517  1.57754   1.20905

 C6A        -0.04046 -0.19811  0.12505    0.69342    0.10603  0.01129  0.19934  0.04961  0.14587  0.03626   0.07252
  15.53294   0.44999  0.84781  0.46951    5.93501    1.81140  4.51122 10.05101  4.01766  3.57605  1.85649   4.24747

 C7A         0.00083 -0.17541  0.18362    0.98344    0.08177  0.22372  0.10789 -0.15486 -0.09056  0.13412   0.21819
   5.28423   0.40021  0.52992  0.14382    5.52035    2.04900  2.90742  2.29936  2.00846  1.53202  2.07253   2.39480

 H1A         0.19635 -0.26666  0.18522    1.38987    0.13602
  20.36932   1.27872  0.92621  0.51754   35.92067    4.77934

 H2A         0.36557  0.29324  0.09527    4.00000    0.39121
  12.41661   0.70490  0.76642  0.37528   43.14357    3.96468

 H4A         1.40221  1.25170 -4.00000    0.00000   -0.00100
**********2218.62720******************   10.27691 2217.69482

 H6A         0.44346  0.22817 -0.26516    2.95273    0.89478
  23.51660   1.53156  0.99730  0.61634   48.13614    6.72303

 H7A         0.55252 -0.29823  0.24865    0.00000    0.23787
  42.75763   2.50986  3.06326  1.12943   51.07267   11.02800

 C1B         0.54242  0.44290  0.06720    0.65441    0.05610  0.06944  0.05937 -0.02073 -0.00487 -0.05850   0.08259
   6.35777   0.48282  0.82356  0.19533    3.83022    2.17464  4.25729  2.83608  2.56406  1.89871  2.49991   1.79621

 C2B         0.49899  0.65484  0.04586    0.44077    0.32169  0.09915  0.09242  0.09283  0.16834  0.17954   0.14271
   8.52920   0.52650  0.47446  0.15443    4.34237    2.85324  3.00173  2.07020  1.70188  1.87672  2.32996   1.56618

 C3B         0.48035  0.68992  0.14457    0.77660    0.07757  0.11082  0.18096 -0.13601  0.06026 -0.02115   0.13038
   5.67750   0.32567  0.52663  0.19043    4.82263    1.45456  2.48246  2.79491  2.18549  1.51398  1.53797   1.18353

 C4B         0.57156  0.48384  0.18245    1.04406    0.11234  0.00028  0.14981  0.01391  0.13018  0.01206   0.05636
   3.81197   0.22213  0.28218  0.09844    4.18120    1.11557  1.09998  1.53881  0.92128  1.10153  0.86402   0.61715

 C5B         0.42146  0.79439  0.09057    0.86956    0.23410  0.12517  0.06422  0.08634  0.10255  0.10725   0.13115
   8.42491   0.61850  0.48646  0.13868    7.01893    5.56647  2.28479  1.59546  1.43201  2.47621  2.16028   2.37712

 C6B         0.63817  0.31153  0.14683    1.35977    0.11147  0.25317  0.04611 -0.05953  0.07121 -0.06704   0.12214
   3.93082   0.20998  0.37305  0.09358    5.67382    1.07471  2.41683  1.48312  1.18963  1.11746  1.13072   0.95880

 C7B         0.56530  0.29241  0.01822    0.78851    0.05756  0.04786  0.07820  0.03926  0.04518 -0.00807   0.05748
   6.38362   0.34833  0.45989  0.15410    4.19444    1.47913  1.77363  1.49845  1.60782  1.27003  1.41448   0.86424

 H3B         0.31049  0.74038  0.15594    0.67845    0.65205
**********2217.66479******************   83.30219 2217.61865

 H4B         0.84943  0.46437  0.43966    0.00000   -0.00100
  81.31976   4.52578  4.51125  2.58230   59.86060   26.79889

 H5B         0.28030  1.04894  0.04499    1.76811    0.00875
   8.43312   0.47424  0.70311  0.18529   16.16059    1.83624

 H6B         0.21658  0.23554  0.10788    3.82916    0.06910
   4.42562   0.28541  0.25081  0.09467   23.96473    0.76605

 H7B         2.77334  4.00000  2.48233    0.00000    2.00000
1010.98218  57.98052 50.62595 28.59113   33.10949  205.11221



 Final Structure Factor Calculation for  anthracene Marciniak2002_fcf_header_P21n                                   

 Total number of l.s. parameters =   191  Maximum vector length =  623   Memory required =     33 /   1940 /    25543

 wR2 = 0.3174 before cycle   6 for     235 data and      0 /    191 parameters

 GooF = S =     0.878;     Restrained GooF =      0.878 for       0 restraints

 Weight = 1 / [ sigma^2(Fo^2) + ( 0.1000 * P )^2 +   0.00 * P ]   where  P = ( Max ( Fo^2, 0 ) + 2 * Fc^2 ) / 3

 wR2 =  0.3174,  GooF = S =   0.878,  Restrained GooF =    0.878  for all data
 R1 =  0.1394 for      11 Fo > 4sig(Fo)  and  0.7594 for all     235 data

 Occupancy sum of asymmetric unit =    12.06 for non-hydrogen and    14.62 for H and D atoms



 Principal mean square atomic displacements U

   0.2776   0.0104  -0.0010   C1A   ** NON POSITIVE DEFINITE **
   0.2222   0.1353  -0.0010   C2A   ** NON POSITIVE DEFINITE **
   0.1324   0.0063  -0.0010   C3A   ** NON POSITIVE DEFINITE **
   0.5177  -0.0010  -0.0010   C4A   ** NON POSITIVE DEFINITE **
   0.1398  -0.0010  -0.0010   C5A   ** NON POSITIVE DEFINITE **
   0.2196  -0.0010  -0.0010   C6A   ** NON POSITIVE DEFINITE **
   0.6534   0.0021  -0.0010   C7A   ** NON POSITIVE DEFINITE **
  -0.0010  -0.0010  -0.0010   H4A   ** NON POSITIVE DEFINITE **
   0.1646   0.0842  -0.0010   C1B   ** NON POSITIVE DEFINITE **
   0.4226   0.0065  -0.0010   C2B   ** NON POSITIVE DEFINITE **
   0.3176   0.0746  -0.0010   C3B   ** NON POSITIVE DEFINITE **
   0.1711  -0.0010  -0.0010   C4B   ** NON POSITIVE DEFINITE **
   0.3008   0.0937  -0.0010   C5B   ** NON POSITIVE DEFINITE **
   0.2826   0.0848  -0.0010   C6B   ** NON POSITIVE DEFINITE **
   0.1123   0.0611  -0.0010   C7B   ** NON POSITIVE DEFINITE **
  -0.0010  -0.0010  -0.0010   H4B   ** NON POSITIVE DEFINITE **

 ** Warning:     0  atoms may be split and    16  atoms NPD **



 Analysis of variance for reflections employed in refinement      K = Mean[Fo^2] / Mean[Fc^2]  for group


 Fc/Fc(max)       0.000    0.015    0.030    0.042    0.055    0.071    0.098    0.134    0.177    0.276    1.000

 Number in group        24.      24.      23.      23.      24.      23.      24.      24.      23.      23.

            GooF      0.026    0.011    0.105    0.094    0.055    0.213    0.243    0.880    0.572    2.568

             K        0.000    0.000    0.000    0.000    0.000    0.305    0.514    1.352    1.402    0.860


 Resolution(A)    0.98     1.06     1.15     1.22     1.28     1.39     1.53     1.75     1.99     2.65     inf

 Number in group        24.      25.      22.      23.      24.      24.      23.      24.      23.      23.

            GooF      0.175    0.249    0.595    0.400    0.342    0.199    0.349    1.340    0.729    2.139

             K        0.000    0.351    1.030    1.069    0.938    0.906    0.997    1.275    1.167    0.816

             R1   *********    6.673    1.843    1.312    0.905    1.835    0.861    0.407    0.451    0.317


 ** Extinction (EXTI) or solvent water (SWAT) correction may be required **

 Recommended weighting scheme:  WGHT    0.2000    0.0000
 [Weight parameters refined to    0.2437        0.00  but appear excessive]


 Most Disagreeable Reflections (* if suppressed or used for Rfree).
 Error/esd is calculated as sqrt(wD^2/<wD^2>) where w is given by the weight
 formula, D = Fo^2-Fc^2 and <> refers to the average over all reflections.

     h   k   l          Fo^2          Fc^2    Error/esd  Fc/Fc(max)  Resolution(A)

     2   0   0       5315.91       7748.05       9.21       1.000       3.52
    -4   1   2       2044.58       1345.78       7.12       0.417       1.85
    -1   1   2       2044.58       1611.37       6.32       0.456       4.88
     0   4  10        408.92        178.83       2.94       0.152       1.16
    -2   1   8        408.92        232.66       2.79       0.173       2.52
    -3   0   9          0.00       1003.49       2.30       0.360       2.33
     2   1   0       3680.25       5103.08       2.25       0.812       3.04
     4   1   0       1226.75        796.52       1.82       0.321       1.69
     1   3   2        408.92        247.07       1.72       0.179       1.83
    -1   4  10        408.92        205.73       1.63       0.163       1.22
    -1   1   6        817.83        986.23       1.47       0.357       3.14
    -3   4   2        408.92        342.83       1.36       0.210       1.31
    -5   4   8        408.92        228.98       1.28       0.172       1.13
    -2   0   2       3680.25       5373.09       1.25       0.833       4.17
    -3   2   2       1226.75        724.39       1.07       0.306       2.00
    -6   2   2        408.92        117.65       1.04       0.123       1.16
    -1   0   5          0.00        623.03       1.00       0.284       4.46
    -4   3  10        408.92        300.30       0.99       0.197       1.39
     2   3   8        408.92        240.81       0.98       0.176       1.23
    -2   2  10        817.83        359.07       0.95       0.215       1.79
     1   2   0       1226.75       1121.90       0.80       0.381       2.77
    -4   1   8        817.83        533.17       0.76       0.262       1.96
     0   2   4        408.92        308.03       0.72       0.199       2.52
    -4   3   8        408.92        277.30       0.70       0.189       1.44
    -8   1  11          0.00         64.66       0.69       0.091       1.05
     2   0   2          0.00        743.79       0.67       0.310       2.80
     0   3   2        817.83        477.58       0.66       0.248       1.96
    -8   2  12          0.00         47.57       0.61       0.078       1.01
    -6   0   2        408.92        230.26       0.60       0.172       1.26
     0   3  10        408.92        157.42       0.58       0.143       1.36
     0   3   8        408.92        102.48       0.56       0.115       1.51
    -2   0   6        817.83        408.96       0.55       0.230       3.49
    -6   1  15          0.00        173.67       0.53       0.150       1.26
    -1   2   6        408.92        242.73       0.49       0.177       2.33
     1   3  10        408.92        178.92       0.48       0.152       1.24
    -6   3  11          0.00         73.61       0.47       0.097       1.15
    -5   3   6          0.00         21.94       0.47       0.053       1.30
     0   4   5          0.00         13.36       0.43       0.042       1.39
    -7   1  11          0.00        173.52       0.41       0.150       1.20
    -1   4   2        408.92        371.59       0.40       0.219       1.48
     2   0   8        817.83        447.15       0.39       0.240       1.56
    -4   4   8        408.92        149.66       0.39       0.139       1.22
     0   0   8        817.83        283.84       0.39       0.191       2.30
     0   1   8        408.92        169.23       0.38       0.148       2.15
    -1   2   8        408.92        104.23       0.37       0.116       2.00
    -3   2   8        408.92        164.53       0.36       0.146       1.92
    -1   1   8        817.83        587.80       0.34       0.275       2.45
     0   2   0       1635.67       1535.72       0.33       0.445       3.01
    -2   1   2       3271.33       3067.82       0.29       0.629       3.43
    -6   3  10        408.92        239.86       0.29       0.176       1.16



 Bond lengths and angles

 C1A -           Distance        Angles
 C2A       1.5204 (4.8712) 
 C7A       1.7783 (5.2229)  119.08 (9.99)
 H1A       2.1554 (6.8963)   97.33 (9.99)  51.46 (9.99)
                 C1A             C2A           C7A          

 C2A -           Distance        Angles
 C3A       1.0678 (5.0432) 
 C1A       1.5204 (4.8712)  135.63 (9.99)
 H2A       2.7449 (8.0700)   78.39 (9.99) 129.05 (9.99)
                 C2A             C3A           C1A          

 C3A -           Distance        Angles
 C2A       1.0678 (5.0452) 
 C5A       1.3765 (3.9883)  122.15 (9.99)
 C4A       1.6054 (5.6083)  115.63 (9.99) 122.18 (9.99)
                 C3A             C2A           C5A          

 C4A -           Distance        Angles
 C5A_$1    1.1399 (4.6992) 
 C3A       1.6054 (5.6058)  121.22 (9.99)
 H4A      96.6198 (9.9990)   34.52 (9.99) 152.04 (9.99)
                 C4A             C5A_$1        C3A          

 C5A -           Distance        Angles
 C6A       1.8515 (8.9890) 
 C3A       1.3765 (3.9863)   99.32 (9.99)
 C4A_$1    1.1398 (4.6987)  143.70 (9.99) 116.29 (9.99)
                 C5A             C6A           C3A          

 C6A -           Distance        Angles
 C5A       1.8515 (8.9888) 
 C7A       1.1535 (9.9146)  156.62 (9.99)
 H6A      11.8560 (9.9990)   15.95 (9.99) 142.93 (9.99)
                 C6A             C5A           C7A          

 C7A -           Distance        Angles
 C6A       1.1535 (9.9163) 
 C1A       1.7783 (5.2158)   85.09 (9.99)
 H1A       1.7413 (9.6049)   70.05 (9.99)  75.52 (9.99)
 H7A       4.1413 (9.9990)   86.09 (9.99)  68.90 (9.99)  17.52 (9.99)
                 C7A             C6A           C1A           H1A          

 C1B -           Distance        Angles
 C7B       1.5162 (4.6863) 
 C6B       1.6756 (5.0253)  107.36 (9.99)
 C2B       1.3390 (5.6720)  115.85 (9.99) 134.24 (9.99)
                 C1B             C7B           C6B          

 C2B -           Distance        Angles
 C7B_$2    1.2486 (3.7724) 
 C5B       1.7010 (4.6809)  118.83 (9.99)
 C1B       1.3390 (5.6715)  120.23 (9.99) 112.56 (9.99)
                 C2B             C7B_$2        C5B          

 C3B -           Distance        Angles
 C5B       1.1895 (4.3458) 
 C4B       1.4545 (4.3336)  145.08 (9.99)
 H3B       1.6389 (9.9990)   98.98 (9.99) 107.35 (9.99)
                 C3B             C5B           C4B          

 C4B -           Distance        Angles
 C3B       1.4545 (4.3393) 
 C6B       1.5961 (2.3111)  119.34 (9.99)
 H4B       4.8144 (9.9990)  116.99 (9.99) 120.30 (9.99)
                 C4B             C3B           C6B          

 C5B -           Distance        Angles
 C3B       1.1895 (4.3449) 
 C2B       1.7010 (4.6814)  104.59 (9.99)
 H5B       1.8572 (4.6427)  139.65 (9.99) 115.75 (9.99)
                 C5B             C3B           C2B          

 C6B -           Distance        Angles
 C4B       1.5961 (2.3122) 
 C1B       1.6756 (5.0268)   97.14 (9.99)
 H6B       3.2266 (2.5432)   64.31 (9.99)  88.96 (9.99)
                 C6B             C4B           C1B          

 C7B -           Distance        Angles
 C2B_$2    1.2485 (3.7726) 
 C1B       1.5162 (4.6844)  121.46 (9.99)
 H7B      52.0087 (9.9990)  139.76 (9.99)  25.58 (9.99)
                 C7B             C2B_$2        C1B          



 Selected torsion angles

   -17.69 (99.99)  C7A - C1A - C2A - C3A
    13.93 (99.99)  C1A - C2A - C3A - C5A
  -168.33 (99.99)  C1A - C2A - C3A - C4A
  -171.05 (99.99)  C2A - C3A - C4A - C5A_$1
     6.69 (99.99)  C5A - C3A - C4A - C5A_$1
    -1.50 (99.99)  C2A - C3A - C5A - C6A
  -179.10 (99.99)  C4A - C3A - C5A - C6A
   171.21 (99.99)  C2A - C3A - C5A - C4A_$1
    -6.38 (99.99)  C4A - C3A - C5A - C4A_$1
   -15.31 (99.99)  C3A - C5A - C6A - C7A
   175.76 (99.99)  C4A_$1 - C5A - C6A - C7A
    11.22 (99.99)  C5A - C6A - C7A - C1A
     4.50 (99.99)  C2A - C1A - C7A - C6A
    17.56 (99.99)  C7B - C1B - C2B - C7B_$2
   176.72 (99.99)  C6B - C1B - C2B - C7B_$2
   165.39 (99.99)  C7B - C1B - C2B - C5B
   -35.45 (99.99)  C6B - C1B - C2B - C5B
     4.19 (99.99)  C5B - C3B - C4B - C6B
    -9.92 (99.99)  C4B - C3B - C5B - C2B
   169.36 (99.99)  C7B_$2 - C2B - C5B - C3B
    21.04 (99.99)  C1B - C2B - C5B - C3B
    -6.65 (99.99)  C3B - C4B - C6B - C1B
  -172.76 (99.99)  C7B - C1B - C6B - C4B
    26.84 (99.99)  C2B - C1B - C6B - C4B
   177.69 (99.99)  C6B - C1B - C7B - C2B_$2
   -17.79 (99.99)  C2B - C1B - C7B - C2B_$2

 R1 =  0.7592 for    235 unique reflections after merging for Fourier


 Electron density synthesis with coefficients Fo-Fc

 Highest peak    0.11  at  0.3180  0.3233  0.5484  [  1.95 A from C3A ]
 Deepest hole   -0.10  at  0.5388  0.3213  0.6793  [  0.87 A from C1A ]

 Mean =    0.00,   Rms deviation from mean =    0.04,   Highest memory used =     1840 /    16131


 Fourier peaks appended to .res file

              x       y       z       sof     U      Peak   Distances to nearest atoms (including eq.)

 Q1    1  -0.1820  0.1767  0.0484   1.00000  0.05    0.11   1.95 C3A  1.95 C2A  1.99 C7B  2.05 H4B^b
 Q2    1   2.6659  3.7893  2.4402   1.00000  0.05    0.10   1.54 H7B  1.93 C7B  2.03 C2A  2.27 C3A
 Q3    1   1.3096  1.2697 -4.0051   1.00000  0.05    0.10   0.74 H4A  1.41 H7B^a  1.84 H5B  1.94 C7B
 Q4    1   0.2180  0.7545  0.0805   1.00000  0.05    0.09   1.40 H3B  1.64 C5B  1.90 C3B  1.94 C5A
 Q5    1   0.3486  0.1279 -0.3441   1.00000  0.05    0.09   1.58 H6A  1.73 C6B  2.07 H7A  2.25 C1B

 Shortest distances between peaks (including symmetry equivalents)

      1   2  0.71      2   5  2.14      1   5  2.55      1   4  2.75      1   3  2.86      2   3  2.89      2   4  2.91


 Time profile in seconds
 -----------------------

      0.00: Read and process instructions
      0.00: Fit rigid groups
      0.00: Interpret restraints etc.
      0.00: Generate connectivity array
      0.00: Analyse DFIX and DANG restraints
      0.00: Analyse SAME, SADI and NCSY restraints
      0.00: Generate CHIV restraints
      0.00: Check if bonds in residues restrained
      0.00: Generate DELU and RIGU restraints
      0.00: Generate SIMU restraints
      0.00: Generate ISOR restraints
      0.00: Analyse electron density
      0.00: Analyse other restraints etc.
      0.00: Read intensity data, sort/merge etc.
      0.00: Set up constraints
      0.00: OSF, H-atoms from difference map
      0.00: Set up l.s. refinement
      0.00: Generate idealized H-atoms
      0.02: Structure factors and derivatives
      0.01: Sum l.s. matrices
      0.00: Generate and apply antibumping restraints
      0.00: Apply other restraints
      0.17: Solve l.s. equations
      0.00: Generate HTAB table
      0.01: Other dependent quantities, CIF, tables
      0.00: Analysis of variance
      0.00: Merge reflections for Fourier and .fcf
      0.00: Fourier summations
      0.00: Peaksearch
      0.00: Analyse peaklist

 ** WARNING: These times are only approximate for multiple threads.
             To get better estimates run with -t1 **

   Please cite: G.M. Sheldrick (2015) "Crystal structure refinement with
   SHELXL", Acta Cryst., C71, 3-8 (Open Access) if SHELXL proves useful.

 +++++++++++++++++++++++++++++++++++++++++++++++++++++++++++++++++++++++++++++
 +  marciniak2002 finished at 13:04:33   Total elapsed time:      0.25 secs  +
 +++++++++++++++++++++++++++++++++++++++++++++++++++++++++++++++++++++++++++++
